<?xml version="1.0" encoding="UTF-8"?>
<!-- Generated by org.testng.reporters.JUnitReportReporter -->
<testsuite hostname="ShivaSMACB1IN.local" name="com.browserstack.SingleTest" tests="1" failures="0" timestamp="9 Mar 2018 06:07:37 GMT" time="59.328" errors="0">
  <testcase name="test" time="59.328" classname="com.browserstack.SingleTest"/>
</testsuite> <!-- com.browserstack.SingleTest -->
